# JRE version: OpenJDK Runtime Environment Temurin-21.0.6+7 (21.0.6+7) (build 21.0.6+7-LTS)
# Java VM: OpenJDK 64-Bit Server VM Temurin-21.0.6+7 (21.0.6+7-LTS, mixed mode, sharing, tiered, compressed oops, compressed class ptrs, parallel gc, windows-amd64)
GC Precious Log:
 CardTable entry size: 512
 CPUs: 8 total, 8 available
 Memory: 7999M
 Large Page Support: Disabled
 NUMA Support: Disabled
 Compressed Oops: Enabled (32-bit)
 Alignments: Space 512K, Generation 512K, Heap 2M
 Heap Min Capacity: 100M
 Heap Initial Capacity: 100M
 Heap Max Capacity: 1G
 Pre-touch: Disabled
 Parallel Workers: 8
Heap:
 PSYoungGen      total 3584K, used 747K [0x00000000eab00000, 0x00000000eaf80000, 0x0000000100000000)
  eden space 2560K, 11% used [0x00000000eab00000,0x00000000eab4c290,0x00000000ead80000)
  from space 1024K, 43% used [0x00000000ead80000,0x00000000eadeec08,0x00000000eae80000)
  to   space 512K, 0% used [0x00000000eaf00000,0x00000000eaf00000,0x00000000eaf80000)
 ParOldGen       total 536576K, used 536552K [0x00000000c0000000, 0x00000000e0c00000, 0x00000000eab00000)
  object space 536576K, 99% used [0x00000000c0000000,0x00000000e0bfa028,0x00000000e0c00000)
 Metaspace       used 72721K, committed 74240K, reserved 1179648K
  class space    used 7547K, committed 8192K, reserved 1048576K
GC Heap History (20 events):
Event: 166.213 GC heap before
{Heap before GC invocations=865 (full 3):
 PSYoungGen      total 2560K, used 2470K [0x00000000eab00000, 0x00000000eae80000, 0x0000000100000000)
  eden space 2048K, 99% used [0x00000000eab00000,0x00000000eacfe980,0x00000000ead00000)
  from space 512K, 83% used [0x00000000ead00000,0x00000000ead6b008,0x00000000ead80000)
  to   space 512K, 0% used [0x00000000eae00000,0x00000000eae00000,0x00000000eae80000)
 ParOldGen       total 532992K, used 532543K [0x00000000c0000000, 0x00000000e0880000, 0x00000000eab00000)
  object space 532992K, 99% used [0x00000000c0000000,0x00000000e080ffe8,0x00000000e0880000)
 Metaspace       used 72720K, committed 74240K, reserved 1179648K
  class space    used 7547K, committed 8192K, reserved 1048576K
}
Event: 166.216 GC heap after
{Heap after GC invocations=865 (full 3):
 PSYoungGen      total 3072K, used 432K [0x00000000eab00000, 0x00000000eae80000, 0x0000000100000000)
  eden space 2560K, 0% used [0x00000000eab00000,0x00000000eab00000,0x00000000ead80000)
  from space 512K, 84% used [0x00000000eae00000,0x00000000eae6c100,0x00000000eae80000)
  to   space 512K, 0% used [0x00000000ead80000,0x00000000ead80000,0x00000000eae00000)
 ParOldGen       total 532992K, used 532915K [0x00000000c0000000, 0x00000000e0880000, 0x00000000eab00000)
  object space 532992K, 99% used [0x00000000c0000000,0x00000000e086cff0,0x00000000e0880000)
 Metaspace       used 72720K, committed 74240K, reserved 1179648K
  class space    used 7547K, committed 8192K, reserved 1048576K
}
Event: 166.235 GC heap before
{Heap before GC invocations=866 (full 3):
 PSYoungGen      total 3072K, used 2992K [0x00000000eab00000, 0x00000000eae80000, 0x0000000100000000)
  eden space 2560K, 100% used [0x00000000eab00000,0x00000000ead80000,0x00000000ead80000)
  from space 512K, 84% used [0x00000000eae00000,0x00000000eae6c100,0x00000000eae80000)
  to   space 512K, 0% used [0x00000000ead80000,0x00000000ead80000,0x00000000eae00000)
 ParOldGen       total 532992K, used 532915K [0x00000000c0000000, 0x00000000e0880000, 0x00000000eab00000)
  object space 532992K, 99% used [0x00000000c0000000,0x00000000e086cff0,0x00000000e0880000)
 Metaspace       used 72720K, committed 74240K, reserved 1179648K
  class space    used 7547K, committed 8192K, reserved 1048576K
}
Event: 166.238 GC heap after
{Heap after GC invocations=866 (full 3):
 PSYoungGen      total 3072K, used 416K [0x00000000eab00000, 0x00000000eae80000, 0x0000000100000000)
  eden space 2560K, 0% used [0x00000000eab00000,0x00000000eab00000,0x00000000ead80000)
  from space 512K, 81% used [0x00000000ead80000,0x00000000eade8000,0x00000000eae00000)
  to   space 512K, 0% used [0x00000000eae00000,0x00000000eae00000,0x00000000eae80000)
 ParOldGen       total 533504K, used 533203K [0x00000000c0000000, 0x00000000e0900000, 0x00000000eab00000)
  object space 533504K, 99% used [0x00000000c0000000,0x00000000e08b4ff0,0x00000000e0900000)
 Metaspace       used 72720K, committed 74240K, reserved 1179648K
  class space    used 7547K, committed 8192K, reserved 1048576K
}
Event: 166.254 GC heap before
{Heap before GC invocations=867 (full 3):
 PSYoungGen      total 3072K, used 2976K [0x00000000eab00000, 0x00000000eae80000, 0x0000000100000000)
  eden space 2560K, 100% used [0x00000000eab00000,0x00000000ead80000,0x00000000ead80000)
  from space 512K, 81% used [0x00000000ead80000,0x00000000eade8000,0x00000000eae00000)
  to   space 512K, 0% used [0x00000000eae00000,0x00000000eae00000,0x00000000eae80000)
 ParOldGen       total 533504K, used 533203K [0x00000000c0000000, 0x00000000e0900000, 0x00000000eab00000)
  object space 533504K, 99% used [0x00000000c0000000,0x00000000e08b4ff0,0x00000000e0900000)
 Metaspace       used 72720K, committed 74240K, reserved 1179648K
  class space    used 7547K, committed 8192K, reserved 1048576K
}
Event: 166.258 GC heap after
{Heap after GC invocations=867 (full 3):
 PSYoungGen      total 3072K, used 416K [0x00000000eab00000, 0x00000000eae80000, 0x0000000100000000)
  eden space 2560K, 0% used [0x00000000eab00000,0x00000000eab00000,0x00000000ead80000)
  from space 512K, 81% used [0x00000000eae00000,0x00000000eae68000,0x00000000eae80000)
  to   space 512K, 0% used [0x00000000ead80000,0x00000000ead80000,0x00000000eae00000)
 ParOldGen       total 534016K, used 533563K [0x00000000c0000000, 0x00000000e0980000, 0x00000000eab00000)
  object space 534016K, 99% used [0x00000000c0000000,0x00000000e090eff0,0x00000000e0980000)
 Metaspace       used 72720K, committed 74240K, reserved 1179648K
  class space    used 7547K, committed 8192K, reserved 1048576K
}
Event: 166.281 GC heap before
{Heap before GC invocations=868 (full 3):
 PSYoungGen      total 3072K, used 2960K [0x00000000eab00000, 0x00000000eae80000, 0x0000000100000000)
  eden space 2560K, 99% used [0x00000000eab00000,0x00000000ead7c240,0x00000000ead80000)
  from space 512K, 81% used [0x00000000eae00000,0x00000000eae68000,0x00000000eae80000)
  to   space 512K, 0% used [0x00000000ead80000,0x00000000ead80000,0x00000000eae00000)
 ParOldGen       total 534016K, used 533563K [0x00000000c0000000, 0x00000000e0980000, 0x00000000eab00000)
  object space 534016K, 99% used [0x00000000c0000000,0x00000000e090eff0,0x00000000e0980000)
 Metaspace       used 72721K, committed 74240K, reserved 1179648K
  class space    used 7547K, committed 8192K, reserved 1048576K
}
Event: 166.283 GC heap after
{Heap after GC invocations=868 (full 3):
 PSYoungGen      total 3072K, used 512K [0x00000000eab00000, 0x00000000eb080000, 0x0000000100000000)
  eden space 2560K, 0% used [0x00000000eab00000,0x00000000eab00000,0x00000000ead80000)
  from space 512K, 100% used [0x00000000ead80000,0x00000000eae00000,0x00000000eae00000)
  to   space 1536K, 0% used [0x00000000eaf00000,0x00000000eaf00000,0x00000000eb080000)
 ParOldGen       total 534016K, used 534008K [0x00000000c0000000, 0x00000000e0980000, 0x00000000eab00000)
  object space 534016K, 99% used [0x00000000c0000000,0x00000000e097e3f0,0x00000000e0980000)
 Metaspace       used 72721K, committed 74240K, reserved 1179648K
  class space    used 7547K, committed 8192K, reserved 1048576K
}
Event: 166.367 GC heap before
{Heap before GC invocations=869 (full 3):
 PSYoungGen      total 3072K, used 3072K [0x00000000eab00000, 0x00000000eb080000, 0x0000000100000000)
  eden space 2560K, 100% used [0x00000000eab00000,0x00000000ead80000,0x00000000ead80000)
  from space 512K, 100% used [0x00000000ead80000,0x00000000eae00000,0x00000000eae00000)
  to   space 1536K, 0% used [0x00000000eaf00000,0x00000000eaf00000,0x00000000eb080000)
 ParOldGen       total 534016K, used 534008K [0x00000000c0000000, 0x00000000e0980000, 0x00000000eab00000)
  object space 534016K, 99% used [0x00000000c0000000,0x00000000e097e3f0,0x00000000e0980000)
 Metaspace       used 72721K, committed 74240K, reserved 1179648K
  class space    used 7547K, committed 8192K, reserved 1048576K
}
Event: 166.369 GC heap after
{Heap after GC invocations=869 (full 3):
 PSYoungGen      total 3072K, used 503K [0x00000000eab00000, 0x00000000eaf80000, 0x0000000100000000)
  eden space 2560K, 0% used [0x00000000eab00000,0x00000000eab00000,0x00000000ead80000)
  from space 512K, 98% used [0x00000000eaf00000,0x00000000eaf7dde0,0x00000000eaf80000)
  to   space 1024K, 0% used [0x00000000ead80000,0x00000000ead80000,0x00000000eae80000)
 ParOldGen       total 534528K, used 534272K [0x00000000c0000000, 0x00000000e0a00000, 0x00000000eab00000)
  object space 534528K, 99% used [0x00000000c0000000,0x00000000e09c03f0,0x00000000e0a00000)
 Metaspace       used 72721K, committed 74240K, reserved 1179648K
  class space    used 7547K, committed 8192K, reserved 1048576K
}
Event: 166.393 GC heap before
{Heap before GC invocations=870 (full 3):
 PSYoungGen      total 3072K, used 3063K [0x00000000eab00000, 0x00000000eaf80000, 0x0000000100000000)
  eden space 2560K, 100% used [0x00000000eab00000,0x00000000ead80000,0x00000000ead80000)
  from space 512K, 98% used [0x00000000eaf00000,0x00000000eaf7dde0,0x00000000eaf80000)
  to   space 1024K, 0% used [0x00000000ead80000,0x00000000ead80000,0x00000000eae80000)
 ParOldGen       total 534528K, used 534272K [0x00000000c0000000, 0x00000000e0a00000, 0x00000000eab00000)
  object space 534528K, 99% used [0x00000000c0000000,0x00000000e09c03f0,0x00000000e0a00000)
 Metaspace       used 72721K, committed 74240K, reserved 1179648K
  class space    used 7547K, committed 8192K, reserved 1048576K
}
Event: 166.396 GC heap after
{Heap after GC invocations=870 (full 3):
 PSYoungGen      total 3584K, used 416K [0x00000000eab00000, 0x00000000eaf80000, 0x0000000100000000)
  eden space 2560K, 0% used [0x00000000eab00000,0x00000000eab00000,0x00000000ead80000)
  from space 1024K, 40% used [0x00000000ead80000,0x00000000eade8000,0x00000000eae80000)
  to   space 512K, 0% used [0x00000000eaf00000,0x00000000eaf00000,0x00000000eaf80000)
 ParOldGen       total 535040K, used 534645K [0x00000000c0000000, 0x00000000e0a80000, 0x00000000eab00000)
  object space 535040K, 99% used [0x00000000c0000000,0x00000000e0a1d5d0,0x00000000e0a80000)
 Metaspace       used 72721K, committed 74240K, reserved 1179648K
  class space    used 7547K, committed 8192K, reserved 1048576K
}
Event: 166.414 GC heap before
{Heap before GC invocations=871 (full 3):
 PSYoungGen      total 3584K, used 2976K [0x00000000eab00000, 0x00000000eaf80000, 0x0000000100000000)
  eden space 2560K, 100% used [0x00000000eab00000,0x00000000ead80000,0x00000000ead80000)
  from space 1024K, 40% used [0x00000000ead80000,0x00000000eade8000,0x00000000eae80000)
  to   space 512K, 0% used [0x00000000eaf00000,0x00000000eaf00000,0x00000000eaf80000)
 ParOldGen       total 535040K, used 534645K [0x00000000c0000000, 0x00000000e0a80000, 0x00000000eab00000)
  object space 535040K, 99% used [0x00000000c0000000,0x00000000e0a1d5d0,0x00000000e0a80000)
 Metaspace       used 72721K, committed 74240K, reserved 1179648K
  class space    used 7547K, committed 8192K, reserved 1048576K
}
Event: 166.417 GC heap after
{Heap after GC invocations=871 (full 3):
 PSYoungGen      total 3072K, used 379K [0x00000000eab00000, 0x00000000eaf80000, 0x0000000100000000)
  eden space 2560K, 0% used [0x00000000eab00000,0x00000000eab00000,0x00000000ead80000)
  from space 512K, 74% used [0x00000000eaf00000,0x00000000eaf5ec08,0x00000000eaf80000)
  to   space 512K, 0% used [0x00000000eae80000,0x00000000eae80000,0x00000000eaf00000)
 ParOldGen       total 535040K, used 534981K [0x00000000c0000000, 0x00000000e0a80000, 0x00000000eab00000)
  object space 535040K, 99% used [0x00000000c0000000,0x00000000e0a715d0,0x00000000e0a80000)
 Metaspace       used 72721K, committed 74240K, reserved 1179648K
  class space    used 7547K, committed 8192K, reserved 1048576K
}
Event: 166.435 GC heap before
{Heap before GC invocations=872 (full 3):
 PSYoungGen      total 3072K, used 2939K [0x00000000eab00000, 0x00000000eaf80000, 0x0000000100000000)
  eden space 2560K, 100% used [0x00000000eab00000,0x00000000ead80000,0x00000000ead80000)
  from space 512K, 74% used [0x00000000eaf00000,0x00000000eaf5ec08,0x00000000eaf80000)
  to   space 512K, 0% used [0x00000000eae80000,0x00000000eae80000,0x00000000eaf00000)
 ParOldGen       total 535040K, used 534981K [0x00000000c0000000, 0x00000000e0a80000, 0x00000000eab00000)
  object space 535040K, 99% used [0x00000000c0000000,0x00000000e0a715d0,0x00000000e0a80000)
 Metaspace       used 72721K, committed 74240K, reserved 1179648K
  class space    used 7547K, committed 8192K, reserved 1048576K
}
Event: 166.438 GC heap after
{Heap after GC invocations=872 (full 3):
 PSYoungGen      total 3072K, used 448K [0x00000000eab00000, 0x00000000eaf80000, 0x0000000100000000)
  eden space 2560K, 0% used [0x00000000eab00000,0x00000000eab00000,0x00000000ead80000)
  from space 512K, 87% used [0x00000000eae80000,0x00000000eaef0000,0x00000000eaf00000)
  to   space 512K, 0% used [0x00000000eaf00000,0x00000000eaf00000,0x00000000eaf80000)
 ParOldGen       total 535552K, used 535288K [0x00000000c0000000, 0x00000000e0b00000, 0x00000000eab00000)
  object space 535552K, 99% used [0x00000000c0000000,0x00000000e0abe1d8,0x00000000e0b00000)
 Metaspace       used 72721K, committed 74240K, reserved 1179648K
  class space    used 7547K, committed 8192K, reserved 1048576K
}
Event: 166.461 GC heap before
{Heap before GC invocations=873 (full 3):
 PSYoungGen      total 3072K, used 3008K [0x00000000eab00000, 0x00000000eaf80000, 0x0000000100000000)
  eden space 2560K, 100% used [0x00000000eab00000,0x00000000ead80000,0x00000000ead80000)
  from space 512K, 87% used [0x00000000eae80000,0x00000000eaef0000,0x00000000eaf00000)
  to   space 512K, 0% used [0x00000000eaf00000,0x00000000eaf00000,0x00000000eaf80000)
 ParOldGen       total 535552K, used 535288K [0x00000000c0000000, 0x00000000e0b00000, 0x00000000eab00000)
  object space 535552K, 99% used [0x00000000c0000000,0x00000000e0abe1d8,0x00000000e0b00000)
 Metaspace       used 72721K, committed 74240K, reserved 1179648K
  class space    used 7547K, committed 8192K, reserved 1048576K
}
Event: 166.464 GC heap after
{Heap after GC invocations=873 (full 3):
 PSYoungGen      total 3072K, used 438K [0x00000000eab00000, 0x00000000eaf80000, 0x0000000100000000)
  eden space 2560K, 0% used [0x00000000eab00000,0x00000000eab00000,0x00000000ead80000)
  from space 512K, 85% used [0x00000000eaf00000,0x00000000eaf6d808,0x00000000eaf80000)
  to   space 512K, 0% used [0x00000000eae80000,0x00000000eae80000,0x00000000eaf00000)
 ParOldGen       total 536064K, used 535568K [0x00000000c0000000, 0x00000000e0b80000, 0x00000000eab00000)
  object space 536064K, 99% used [0x00000000c0000000,0x00000000e0b041d8,0x00000000e0b80000)
 Metaspace       used 72721K, committed 74240K, reserved 1179648K
  class space    used 7547K, committed 8192K, reserved 1048576K
}
Event: 166.525 GC heap before
{Heap before GC invocations=874 (full 3):
 PSYoungGen      total 3072K, used 2951K [0x00000000eab00000, 0x00000000eaf80000, 0x0000000100000000)
  eden space 2560K, 98% used [0x00000000eab00000,0x00000000ead74568,0x00000000ead80000)
  from space 512K, 85% used [0x00000000eaf00000,0x00000000eaf6d808,0x00000000eaf80000)
  to   space 512K, 0% used [0x00000000eae80000,0x00000000eae80000,0x00000000eaf00000)
 ParOldGen       total 536064K, used 535568K [0x00000000c0000000, 0x00000000e0b80000, 0x00000000eab00000)
  object space 536064K, 99% used [0x00000000c0000000,0x00000000e0b041d8,0x00000000e0b80000)
 Metaspace       used 72721K, committed 74240K, reserved 1179648K
  class space    used 7547K, committed 8192K, reserved 1048576K
}
Event: 166.528 GC heap after
{Heap after GC invocations=874 (full 3):
 PSYoungGen      total 3072K, used 320K [0x00000000eab00000, 0x00000000eaf80000, 0x0000000100000000)
  eden space 2560K, 0% used [0x00000000eab00000,0x00000000eab00000,0x00000000ead80000)
  from space 512K, 62% used [0x00000000eae80000,0x00000000eaed0000,0x00000000eaf00000)
  to   space 512K, 0% used [0x00000000eaf00000,0x00000000eaf00000,0x00000000eaf80000)
 ParOldGen       total 536064K, used 535950K [0x00000000c0000000, 0x00000000e0b80000, 0x00000000eab00000)
  object space 536064K, 99% used [0x00000000c0000000,0x00000000e0b639e0,0x00000000e0b80000)
 Metaspace       used 72721K, committed 74240K, reserved 1179648K
  class space    used 7547K, committed 8192K, reserved 1048576K
}

