# JRE version: OpenJDK Runtime Environment Temurin-21.0.6+7 (21.0.6+7) (build 21.0.6+7-LTS)
# Java VM: OpenJDK 64-Bit Server VM Temurin-21.0.6+7 (21.0.6+7-LTS, mixed mode, sharing, tiered, compressed oops, compressed class ptrs, parallel gc, windows-amd64)
GC Precious Log:
 CardTable entry size: 512
 CPUs: 8 total, 8 available
 Memory: 7999M
 Large Page Support: Disabled
 NUMA Support: Disabled
 Compressed Oops: Enabled (32-bit)
 Alignments: Space 512K, Generation 512K, Heap 2M
 Heap Min Capacity: 100M
 Heap Initial Capacity: 100M
 Heap Max Capacity: 1G
 Pre-touch: Disabled
 Parallel Workers: 8
Heap:
 PSYoungGen      total 16384K, used 1252K [0x00000000eab00000, 0x00000000ebc80000, 0x0000000100000000)
  eden space 14848K, 1% used [0x00000000eab00000,0x00000000eab321c8,0x00000000eb980000)
  from space 1536K, 68% used [0x00000000ebb00000,0x00000000ebc06fd8,0x00000000ebc80000)
  to   space 1536K, 0% used [0x00000000eb980000,0x00000000eb980000,0x00000000ebb00000)
 ParOldGen       total 370688K, used 370319K [0x00000000c0000000, 0x00000000d6a00000, 0x00000000eab00000)
  object space 370688K, 99% used [0x00000000c0000000,0x00000000d69a3e00,0x00000000d6a00000)
 Metaspace       used 63742K, committed 65216K, reserved 1114112K
  class space    used 6553K, committed 7232K, reserved 1048576K
GC Heap History (20 events):
Event: 24.903 GC heap before
{Heap before GC invocations=516 (full 3):
 PSYoungGen      total 17408K, used 16984K [0x00000000eab00000, 0x00000000ebd00000, 0x0000000100000000)
  eden space 16384K, 100% used [0x00000000eab00000,0x00000000ebb00000,0x00000000ebb00000)
  from space 1024K, 58% used [0x00000000ebc00000,0x00000000ebc963c0,0x00000000ebd00000)
  to   space 1024K, 0% used [0x00000000ebb00000,0x00000000ebb00000,0x00000000ebc00000)
 ParOldGen       total 361472K, used 361415K [0x00000000c0000000, 0x00000000d6100000, 0x00000000eab00000)
  object space 361472K, 99% used [0x00000000c0000000,0x00000000d60f1f98,0x00000000d6100000)
 Metaspace       used 63724K, committed 65216K, reserved 1114112K
  class space    used 6553K, committed 7232K, reserved 1048576K
}
Event: 24.908 GC heap after
{Heap after GC invocations=516 (full 3):
 PSYoungGen      total 17408K, used 704K [0x00000000eab00000, 0x00000000ebd00000, 0x0000000100000000)
  eden space 16384K, 0% used [0x00000000eab00000,0x00000000eab00000,0x00000000ebb00000)
  from space 1024K, 68% used [0x00000000ebb00000,0x00000000ebbb0000,0x00000000ebc00000)
  to   space 1024K, 0% used [0x00000000ebc00000,0x00000000ebc00000,0x00000000ebd00000)
 ParOldGen       total 361984K, used 361807K [0x00000000c0000000, 0x00000000d6180000, 0x00000000eab00000)
  object space 361984K, 99% used [0x00000000c0000000,0x00000000d6153f98,0x00000000d6180000)
 Metaspace       used 63724K, committed 65216K, reserved 1114112K
  class space    used 6553K, committed 7232K, reserved 1048576K
}
Event: 24.984 GC heap before
{Heap before GC invocations=517 (full 3):
 PSYoungGen      total 17408K, used 17088K [0x00000000eab00000, 0x00000000ebd00000, 0x0000000100000000)
  eden space 16384K, 100% used [0x00000000eab00000,0x00000000ebb00000,0x00000000ebb00000)
  from space 1024K, 68% used [0x00000000ebb00000,0x00000000ebbb0000,0x00000000ebc00000)
  to   space 1024K, 0% used [0x00000000ebc00000,0x00000000ebc00000,0x00000000ebd00000)
 ParOldGen       total 361984K, used 361807K [0x00000000c0000000, 0x00000000d6180000, 0x00000000eab00000)
  object space 361984K, 99% used [0x00000000c0000000,0x00000000d6153f98,0x00000000d6180000)
 Metaspace       used 63728K, committed 65216K, reserved 1114112K
  class space    used 6553K, committed 7232K, reserved 1048576K
}
Event: 24.988 GC heap after
{Heap after GC invocations=517 (full 3):
 PSYoungGen      total 17408K, used 900K [0x00000000eab00000, 0x00000000ebd00000, 0x0000000100000000)
  eden space 16384K, 0% used [0x00000000eab00000,0x00000000eab00000,0x00000000ebb00000)
  from space 1024K, 87% used [0x00000000ebc00000,0x00000000ebce11d0,0x00000000ebd00000)
  to   space 1024K, 0% used [0x00000000ebb00000,0x00000000ebb00000,0x00000000ebc00000)
 ParOldGen       total 362496K, used 362362K [0x00000000c0000000, 0x00000000d6200000, 0x00000000eab00000)
  object space 362496K, 99% used [0x00000000c0000000,0x00000000d61deba0,0x00000000d6200000)
 Metaspace       used 63728K, committed 65216K, reserved 1114112K
  class space    used 6553K, committed 7232K, reserved 1048576K
}
Event: 25.022 GC heap before
{Heap before GC invocations=518 (full 3):
 PSYoungGen      total 17408K, used 17284K [0x00000000eab00000, 0x00000000ebd00000, 0x0000000100000000)
  eden space 16384K, 100% used [0x00000000eab00000,0x00000000ebb00000,0x00000000ebb00000)
  from space 1024K, 87% used [0x00000000ebc00000,0x00000000ebce11d0,0x00000000ebd00000)
  to   space 1024K, 0% used [0x00000000ebb00000,0x00000000ebb00000,0x00000000ebc00000)
 ParOldGen       total 362496K, used 362362K [0x00000000c0000000, 0x00000000d6200000, 0x00000000eab00000)
  object space 362496K, 99% used [0x00000000c0000000,0x00000000d61deba0,0x00000000d6200000)
 Metaspace       used 63728K, committed 65216K, reserved 1114112K
  class space    used 6553K, committed 7232K, reserved 1048576K
}
Event: 25.025 GC heap after
{Heap after GC invocations=518 (full 3):
 PSYoungGen      total 17408K, used 896K [0x00000000eab00000, 0x00000000ebd00000, 0x0000000100000000)
  eden space 16384K, 0% used [0x00000000eab00000,0x00000000eab00000,0x00000000ebb00000)
  from space 1024K, 87% used [0x00000000ebb00000,0x00000000ebbe03b8,0x00000000ebc00000)
  to   space 1024K, 0% used [0x00000000ebc00000,0x00000000ebc00000,0x00000000ebd00000)
 ParOldGen       total 363008K, used 362898K [0x00000000c0000000, 0x00000000d6280000, 0x00000000eab00000)
  object space 363008K, 99% used [0x00000000c0000000,0x00000000d6264938,0x00000000d6280000)
 Metaspace       used 63728K, committed 65216K, reserved 1114112K
  class space    used 6553K, committed 7232K, reserved 1048576K
}
Event: 25.103 GC heap before
{Heap before GC invocations=519 (full 3):
 PSYoungGen      total 17408K, used 17280K [0x00000000eab00000, 0x00000000ebd00000, 0x0000000100000000)
  eden space 16384K, 100% used [0x00000000eab00000,0x00000000ebb00000,0x00000000ebb00000)
  from space 1024K, 87% used [0x00000000ebb00000,0x00000000ebbe03b8,0x00000000ebc00000)
  to   space 1024K, 0% used [0x00000000ebc00000,0x00000000ebc00000,0x00000000ebd00000)
 ParOldGen       total 363008K, used 362898K [0x00000000c0000000, 0x00000000d6280000, 0x00000000eab00000)
  object space 363008K, 99% used [0x00000000c0000000,0x00000000d6264938,0x00000000d6280000)
 Metaspace       used 63730K, committed 65216K, reserved 1114112K
  class space    used 6553K, committed 7232K, reserved 1048576K
}
Event: 25.108 GC heap after
{Heap after GC invocations=519 (full 3):
 PSYoungGen      total 16384K, used 1014K [0x00000000eab00000, 0x00000000ebf00000, 0x0000000100000000)
  eden space 15360K, 0% used [0x00000000eab00000,0x00000000eab00000,0x00000000eba00000)
  from space 1024K, 99% used [0x00000000ebc00000,0x00000000ebcfdbb8,0x00000000ebd00000)
  to   space 2048K, 0% used [0x00000000eba00000,0x00000000eba00000,0x00000000ebc00000)
 ParOldGen       total 363520K, used 363506K [0x00000000c0000000, 0x00000000d6300000, 0x00000000eab00000)
  object space 363520K, 99% used [0x00000000c0000000,0x00000000d62fcb68,0x00000000d6300000)
 Metaspace       used 63730K, committed 65216K, reserved 1114112K
  class space    used 6553K, committed 7232K, reserved 1048576K
}
Event: 25.168 GC heap before
{Heap before GC invocations=520 (full 3):
 PSYoungGen      total 16384K, used 16374K [0x00000000eab00000, 0x00000000ebf00000, 0x0000000100000000)
  eden space 15360K, 100% used [0x00000000eab00000,0x00000000eba00000,0x00000000eba00000)
  from space 1024K, 99% used [0x00000000ebc00000,0x00000000ebcfdbb8,0x00000000ebd00000)
  to   space 2048K, 0% used [0x00000000eba00000,0x00000000eba00000,0x00000000ebc00000)
 ParOldGen       total 363520K, used 363506K [0x00000000c0000000, 0x00000000d6300000, 0x00000000eab00000)
  object space 363520K, 99% used [0x00000000c0000000,0x00000000d62fcb68,0x00000000d6300000)
 Metaspace       used 63733K, committed 65216K, reserved 1114112K
  class space    used 6553K, committed 7232K, reserved 1048576K
}
Event: 25.172 GC heap after
{Heap after GC invocations=520 (full 3):
 PSYoungGen      total 16896K, used 1163K [0x00000000eab00000, 0x00000000ebd00000, 0x0000000100000000)
  eden space 15360K, 0% used [0x00000000eab00000,0x00000000eab00000,0x00000000eba00000)
  from space 1536K, 75% used [0x00000000eba00000,0x00000000ebb22f40,0x00000000ebb80000)
  to   space 1536K, 0% used [0x00000000ebb80000,0x00000000ebb80000,0x00000000ebd00000)
 ParOldGen       total 365056K, used 364397K [0x00000000c0000000, 0x00000000d6480000, 0x00000000eab00000)
  object space 365056K, 99% used [0x00000000c0000000,0x00000000d63db428,0x00000000d6480000)
 Metaspace       used 63733K, committed 65216K, reserved 1114112K
  class space    used 6553K, committed 7232K, reserved 1048576K
}
Event: 25.216 GC heap before
{Heap before GC invocations=521 (full 3):
 PSYoungGen      total 16896K, used 16523K [0x00000000eab00000, 0x00000000ebd00000, 0x0000000100000000)
  eden space 15360K, 100% used [0x00000000eab00000,0x00000000eba00000,0x00000000eba00000)
  from space 1536K, 75% used [0x00000000eba00000,0x00000000ebb22f40,0x00000000ebb80000)
  to   space 1536K, 0% used [0x00000000ebb80000,0x00000000ebb80000,0x00000000ebd00000)
 ParOldGen       total 365056K, used 364397K [0x00000000c0000000, 0x00000000d6480000, 0x00000000eab00000)
  object space 365056K, 99% used [0x00000000c0000000,0x00000000d63db428,0x00000000d6480000)
 Metaspace       used 63733K, committed 65216K, reserved 1114112K
  class space    used 6553K, committed 7232K, reserved 1048576K
}
Event: 25.221 GC heap after
{Heap after GC invocations=521 (full 3):
 PSYoungGen      total 16896K, used 1082K [0x00000000eab00000, 0x00000000ebd00000, 0x0000000100000000)
  eden space 15360K, 0% used [0x00000000eab00000,0x00000000eab00000,0x00000000eba00000)
  from space 1536K, 70% used [0x00000000ebb80000,0x00000000ebc8e8d0,0x00000000ebd00000)
  to   space 1536K, 0% used [0x00000000eba00000,0x00000000eba00000,0x00000000ebb80000)
 ParOldGen       total 365568K, used 365157K [0x00000000c0000000, 0x00000000d6500000, 0x00000000eab00000)
  object space 365568K, 99% used [0x00000000c0000000,0x00000000d6499438,0x00000000d6500000)
 Metaspace       used 63733K, committed 65216K, reserved 1114112K
  class space    used 6553K, committed 7232K, reserved 1048576K
}
Event: 25.265 GC heap before
{Heap before GC invocations=522 (full 3):
 PSYoungGen      total 16896K, used 16442K [0x00000000eab00000, 0x00000000ebd00000, 0x0000000100000000)
  eden space 15360K, 100% used [0x00000000eab00000,0x00000000eba00000,0x00000000eba00000)
  from space 1536K, 70% used [0x00000000ebb80000,0x00000000ebc8e8d0,0x00000000ebd00000)
  to   space 1536K, 0% used [0x00000000eba00000,0x00000000eba00000,0x00000000ebb80000)
 ParOldGen       total 365568K, used 365157K [0x00000000c0000000, 0x00000000d6500000, 0x00000000eab00000)
  object space 365568K, 99% used [0x00000000c0000000,0x00000000d6499438,0x00000000d6500000)
 Metaspace       used 63735K, committed 65216K, reserved 1114112K
  class space    used 6553K, committed 7232K, reserved 1048576K
}
Event: 25.269 GC heap after
{Heap after GC invocations=522 (full 3):
 PSYoungGen      total 16896K, used 1044K [0x00000000eab00000, 0x00000000ebd00000, 0x0000000100000000)
  eden space 15360K, 0% used [0x00000000eab00000,0x00000000eab00000,0x00000000eba00000)
  from space 1536K, 68% used [0x00000000eba00000,0x00000000ebb05200,0x00000000ebb80000)
  to   space 1536K, 0% used [0x00000000ebb80000,0x00000000ebb80000,0x00000000ebd00000)
 ParOldGen       total 366080K, used 365861K [0x00000000c0000000, 0x00000000d6580000, 0x00000000eab00000)
  object space 366080K, 99% used [0x00000000c0000000,0x00000000d6549438,0x00000000d6580000)
 Metaspace       used 63735K, committed 65216K, reserved 1114112K
  class space    used 6553K, committed 7232K, reserved 1048576K
}
Event: 25.303 GC heap before
{Heap before GC invocations=523 (full 3):
 PSYoungGen      total 16896K, used 16404K [0x00000000eab00000, 0x00000000ebd00000, 0x0000000100000000)
  eden space 15360K, 100% used [0x00000000eab00000,0x00000000eba00000,0x00000000eba00000)
  from space 1536K, 68% used [0x00000000eba00000,0x00000000ebb05200,0x00000000ebb80000)
  to   space 1536K, 0% used [0x00000000ebb80000,0x00000000ebb80000,0x00000000ebd00000)
 ParOldGen       total 366080K, used 365861K [0x00000000c0000000, 0x00000000d6580000, 0x00000000eab00000)
  object space 366080K, 99% used [0x00000000c0000000,0x00000000d6549438,0x00000000d6580000)
 Metaspace       used 63735K, committed 65216K, reserved 1114112K
  class space    used 6553K, committed 7232K, reserved 1048576K
}
Event: 25.305 GC heap after
{Heap after GC invocations=523 (full 3):
 PSYoungGen      total 16384K, used 1002K [0x00000000eab00000, 0x00000000ebc80000, 0x0000000100000000)
  eden space 15360K, 0% used [0x00000000eab00000,0x00000000eab00000,0x00000000eba00000)
  from space 1024K, 97% used [0x00000000ebb80000,0x00000000ebc7a898,0x00000000ebc80000)
  to   space 1024K, 0% used [0x00000000eba80000,0x00000000eba80000,0x00000000ebb80000)
 ParOldGen       total 366592K, used 366571K [0x00000000c0000000, 0x00000000d6600000, 0x00000000eab00000)
  object space 366592K, 99% used [0x00000000c0000000,0x00000000d65fac40,0x00000000d6600000)
 Metaspace       used 63735K, committed 65216K, reserved 1114112K
  class space    used 6553K, committed 7232K, reserved 1048576K
}
Event: 25.345 GC heap before
{Heap before GC invocations=524 (full 3):
 PSYoungGen      total 16384K, used 16362K [0x00000000eab00000, 0x00000000ebc80000, 0x0000000100000000)
  eden space 15360K, 100% used [0x00000000eab00000,0x00000000eba00000,0x00000000eba00000)
  from space 1024K, 97% used [0x00000000ebb80000,0x00000000ebc7a898,0x00000000ebc80000)
  to   space 1024K, 0% used [0x00000000eba80000,0x00000000eba80000,0x00000000ebb80000)
 ParOldGen       total 366592K, used 366571K [0x00000000c0000000, 0x00000000d6600000, 0x00000000eab00000)
  object space 366592K, 99% used [0x00000000c0000000,0x00000000d65fac40,0x00000000d6600000)
 Metaspace       used 63737K, committed 65216K, reserved 1114112K
  class space    used 6553K, committed 7232K, reserved 1048576K
}
Event: 25.349 GC heap after
{Heap after GC invocations=524 (full 3):
 PSYoungGen      total 16384K, used 928K [0x00000000eab00000, 0x00000000ebc00000, 0x0000000100000000)
  eden space 15360K, 0% used [0x00000000eab00000,0x00000000eab00000,0x00000000eba00000)
  from space 1024K, 90% used [0x00000000eba80000,0x00000000ebb68000,0x00000000ebb80000)
  to   space 512K, 0% used [0x00000000ebb80000,0x00000000ebb80000,0x00000000ebc00000)
 ParOldGen       total 367616K, used 367414K [0x00000000c0000000, 0x00000000d6700000, 0x00000000eab00000)
  object space 367616K, 99% used [0x00000000c0000000,0x00000000d66cdb80,0x00000000d6700000)
 Metaspace       used 63737K, committed 65216K, reserved 1114112K
  class space    used 6553K, committed 7232K, reserved 1048576K
}
Event: 25.402 GC heap before
{Heap before GC invocations=525 (full 3):
 PSYoungGen      total 16384K, used 16288K [0x00000000eab00000, 0x00000000ebc00000, 0x0000000100000000)
  eden space 15360K, 100% used [0x00000000eab00000,0x00000000eba00000,0x00000000eba00000)
  from space 1024K, 90% used [0x00000000eba80000,0x00000000ebb68000,0x00000000ebb80000)
  to   space 512K, 0% used [0x00000000ebb80000,0x00000000ebb80000,0x00000000ebc00000)
 ParOldGen       total 367616K, used 367414K [0x00000000c0000000, 0x00000000d6700000, 0x00000000eab00000)
  object space 367616K, 99% used [0x00000000c0000000,0x00000000d66cdb80,0x00000000d6700000)
 Metaspace       used 63740K, committed 65216K, reserved 1114112K
  class space    used 6553K, committed 7232K, reserved 1048576K
}
Event: 25.412 GC heap after
{Heap after GC invocations=525 (full 3):
 PSYoungGen      total 15360K, used 511K [0x00000000eab00000, 0x00000000ebe00000, 0x0000000100000000)
  eden space 14848K, 0% used [0x00000000eab00000,0x00000000eab00000,0x00000000eb980000)
  from space 512K, 99% used [0x00000000ebb80000,0x00000000ebbffc68,0x00000000ebc00000)
  to   space 2048K, 0% used [0x00000000eb980000,0x00000000eb980000,0x00000000ebb80000)
 ParOldGen       total 369152K, used 368642K [0x00000000c0000000, 0x00000000d6880000, 0x00000000eab00000)
  object space 369152K, 99% used [0x00000000c0000000,0x00000000d68009d0,0x00000000d6880000)
 Metaspace       used 63740K, committed 65216K, reserved 1114112K
  class space    used 6553K, committed 7232K, reserved 1048576K
}

