# JRE version: OpenJDK Runtime Environment Temurin-21.0.6+7 (21.0.6+7) (build 21.0.6+7-LTS)
# Java VM: OpenJDK 64-Bit Server VM Temurin-21.0.6+7 (21.0.6+7-LTS, mixed mode, sharing, tiered, compressed oops, compressed class ptrs, parallel gc, windows-amd64)
GC Precious Log:
 CardTable entry size: 512
 CPUs: 8 total, 8 available
 Memory: 7999M
 Large Page Support: Disabled
 NUMA Support: Disabled
 Compressed Oops: Enabled (32-bit)
 Alignments: Space 512K, Generation 512K, Heap 2M
 Heap Min Capacity: 100M
 Heap Initial Capacity: 100M
 Heap Max Capacity: 1G
 Pre-touch: Disabled
 Parallel Workers: 8
Heap:
 PSYoungGen      total 4096K, used 3026K [0x00000000eab00000, 0x00000000eb000000, 0x0000000100000000)
  eden space 3072K, 81% used [0x00000000eab00000,0x00000000ead74a30,0x00000000eae00000)
  from space 1024K, 50% used [0x00000000eae00000,0x00000000eae80000,0x00000000eaf00000)
  to   space 1024K, 0% used [0x00000000eaf00000,0x00000000eaf00000,0x00000000eb000000)
 ParOldGen       total 486400K, used 486375K [0x00000000c0000000, 0x00000000ddb00000, 0x00000000eab00000)
  object space 486400K, 99% used [0x00000000c0000000,0x00000000ddaf9d88,0x00000000ddb00000)
 Metaspace       used 65118K, committed 66688K, reserved 1114112K
  class space    used 6643K, committed 7360K, reserved 1048576K
GC Heap History (20 events):
Event: 56.965 GC heap before
{Heap before GC invocations=819 (full 4):
 PSYoungGen      total 3584K, used 3568K [0x00000000eab00000, 0x00000000eb000000, 0x0000000100000000)
  eden space 3072K, 100% used [0x00000000eab00000,0x00000000eae00000,0x00000000eae00000)
  from space 512K, 96% used [0x00000000eae00000,0x00000000eae7c090,0x00000000eae80000)
  to   space 1024K, 0% used [0x00000000eaf00000,0x00000000eaf00000,0x00000000eb000000)
 ParOldGen       total 481280K, used 481148K [0x00000000c0000000, 0x00000000dd600000, 0x00000000eab00000)
  object space 481280K, 99% used [0x00000000c0000000,0x00000000dd5df150,0x00000000dd600000)
 Metaspace       used 65118K, committed 66688K, reserved 1114112K
  class space    used 6643K, committed 7360K, reserved 1048576K
}
Event: 56.967 GC heap after
{Heap after GC invocations=819 (full 4):
 PSYoungGen      total 4096K, used 608K [0x00000000eab00000, 0x00000000eb000000, 0x0000000100000000)
  eden space 3072K, 0% used [0x00000000eab00000,0x00000000eab00000,0x00000000eae00000)
  from space 1024K, 59% used [0x00000000eaf00000,0x00000000eaf98000,0x00000000eb000000)
  to   space 1024K, 0% used [0x00000000eae00000,0x00000000eae00000,0x00000000eaf00000)
 ParOldGen       total 481792K, used 481508K [0x00000000c0000000, 0x00000000dd680000, 0x00000000eab00000)
  object space 481792K, 99% used [0x00000000c0000000,0x00000000dd639150,0x00000000dd680000)
 Metaspace       used 65118K, committed 66688K, reserved 1114112K
  class space    used 6643K, committed 7360K, reserved 1048576K
}
Event: 56.977 GC heap before
{Heap before GC invocations=820 (full 4):
 PSYoungGen      total 4096K, used 3680K [0x00000000eab00000, 0x00000000eb000000, 0x0000000100000000)
  eden space 3072K, 100% used [0x00000000eab00000,0x00000000eae00000,0x00000000eae00000)
  from space 1024K, 59% used [0x00000000eaf00000,0x00000000eaf98000,0x00000000eb000000)
  to   space 1024K, 0% used [0x00000000eae00000,0x00000000eae00000,0x00000000eaf00000)
 ParOldGen       total 481792K, used 481508K [0x00000000c0000000, 0x00000000dd680000, 0x00000000eab00000)
  object space 481792K, 99% used [0x00000000c0000000,0x00000000dd639150,0x00000000dd680000)
 Metaspace       used 65118K, committed 66688K, reserved 1114112K
  class space    used 6643K, committed 7360K, reserved 1048576K
}
Event: 56.979 GC heap after
{Heap after GC invocations=820 (full 4):
 PSYoungGen      total 4096K, used 531K [0x00000000eab00000, 0x00000000eb000000, 0x0000000100000000)
  eden space 3072K, 0% used [0x00000000eab00000,0x00000000eab00000,0x00000000eae00000)
  from space 1024K, 51% used [0x00000000eae00000,0x00000000eae84cd8,0x00000000eaf00000)
  to   space 1024K, 0% used [0x00000000eaf00000,0x00000000eaf00000,0x00000000eb000000)
 ParOldGen       total 482304K, used 482017K [0x00000000c0000000, 0x00000000dd700000, 0x00000000eab00000)
  object space 482304K, 99% used [0x00000000c0000000,0x00000000dd6b8760,0x00000000dd700000)
 Metaspace       used 65118K, committed 66688K, reserved 1114112K
  class space    used 6643K, committed 7360K, reserved 1048576K
}
Event: 56.987 GC heap before
{Heap before GC invocations=821 (full 4):
 PSYoungGen      total 4096K, used 3586K [0x00000000eab00000, 0x00000000eb000000, 0x0000000100000000)
  eden space 3072K, 99% used [0x00000000eab00000,0x00000000eadfbe40,0x00000000eae00000)
  from space 1024K, 51% used [0x00000000eae00000,0x00000000eae84cd8,0x00000000eaf00000)
  to   space 1024K, 0% used [0x00000000eaf00000,0x00000000eaf00000,0x00000000eb000000)
 ParOldGen       total 482304K, used 482017K [0x00000000c0000000, 0x00000000dd700000, 0x00000000eab00000)
  object space 482304K, 99% used [0x00000000c0000000,0x00000000dd6b8760,0x00000000dd700000)
 Metaspace       used 65118K, committed 66688K, reserved 1114112K
  class space    used 6643K, committed 7360K, reserved 1048576K
}
Event: 56.988 GC heap after
{Heap after GC invocations=821 (full 4):
 PSYoungGen      total 4096K, used 614K [0x00000000eab00000, 0x00000000eb000000, 0x0000000100000000)
  eden space 3072K, 0% used [0x00000000eab00000,0x00000000eab00000,0x00000000eae00000)
  from space 1024K, 60% used [0x00000000eaf00000,0x00000000eaf99bc8,0x00000000eb000000)
  to   space 1024K, 0% used [0x00000000eae00000,0x00000000eae00000,0x00000000eaf00000)
 ParOldGen       total 482816K, used 482465K [0x00000000c0000000, 0x00000000dd780000, 0x00000000eab00000)
  object space 482816K, 99% used [0x00000000c0000000,0x00000000dd728760,0x00000000dd780000)
 Metaspace       used 65118K, committed 66688K, reserved 1114112K
  class space    used 6643K, committed 7360K, reserved 1048576K
}
Event: 56.998 GC heap before
{Heap before GC invocations=822 (full 4):
 PSYoungGen      total 4096K, used 3686K [0x00000000eab00000, 0x00000000eb000000, 0x0000000100000000)
  eden space 3072K, 100% used [0x00000000eab00000,0x00000000eae00000,0x00000000eae00000)
  from space 1024K, 60% used [0x00000000eaf00000,0x00000000eaf99bc8,0x00000000eb000000)
  to   space 1024K, 0% used [0x00000000eae00000,0x00000000eae00000,0x00000000eaf00000)
 ParOldGen       total 482816K, used 482465K [0x00000000c0000000, 0x00000000dd780000, 0x00000000eab00000)
  object space 482816K, 99% used [0x00000000c0000000,0x00000000dd728760,0x00000000dd780000)
 Metaspace       used 65118K, committed 66688K, reserved 1114112K
  class space    used 6643K, committed 7360K, reserved 1048576K
}
Event: 57.000 GC heap after
{Heap after GC invocations=822 (full 4):
 PSYoungGen      total 4096K, used 608K [0x00000000eab00000, 0x00000000eb000000, 0x0000000100000000)
  eden space 3072K, 0% used [0x00000000eab00000,0x00000000eab00000,0x00000000eae00000)
  from space 1024K, 59% used [0x00000000eae00000,0x00000000eae98000,0x00000000eaf00000)
  to   space 1024K, 0% used [0x00000000eaf00000,0x00000000eaf00000,0x00000000eb000000)
 ParOldGen       total 483328K, used 482945K [0x00000000c0000000, 0x00000000dd800000, 0x00000000eab00000)
  object space 483328K, 99% used [0x00000000c0000000,0x00000000dd7a0760,0x00000000dd800000)
 Metaspace       used 65118K, committed 66688K, reserved 1114112K
  class space    used 6643K, committed 7360K, reserved 1048576K
}
Event: 57.009 GC heap before
{Heap before GC invocations=823 (full 4):
 PSYoungGen      total 4096K, used 3680K [0x00000000eab00000, 0x00000000eb000000, 0x0000000100000000)
  eden space 3072K, 100% used [0x00000000eab00000,0x00000000eae00000,0x00000000eae00000)
  from space 1024K, 59% used [0x00000000eae00000,0x00000000eae98000,0x00000000eaf00000)
  to   space 1024K, 0% used [0x00000000eaf00000,0x00000000eaf00000,0x00000000eb000000)
 ParOldGen       total 483328K, used 482945K [0x00000000c0000000, 0x00000000dd800000, 0x00000000eab00000)
  object space 483328K, 99% used [0x00000000c0000000,0x00000000dd7a0760,0x00000000dd800000)
 Metaspace       used 65118K, committed 66688K, reserved 1114112K
  class space    used 6643K, committed 7360K, reserved 1048576K
}
Event: 57.011 GC heap after
{Heap after GC invocations=823 (full 4):
 PSYoungGen      total 4096K, used 512K [0x00000000eab00000, 0x00000000eb000000, 0x0000000100000000)
  eden space 3072K, 0% used [0x00000000eab00000,0x00000000eab00000,0x00000000eae00000)
  from space 1024K, 50% used [0x00000000eaf00000,0x00000000eaf80000,0x00000000eb000000)
  to   space 1024K, 0% used [0x00000000eae00000,0x00000000eae00000,0x00000000eaf00000)
 ParOldGen       total 483840K, used 483441K [0x00000000c0000000, 0x00000000dd880000, 0x00000000eab00000)
  object space 483840K, 99% used [0x00000000c0000000,0x00000000dd81c760,0x00000000dd880000)
 Metaspace       used 65118K, committed 66688K, reserved 1114112K
  class space    used 6643K, committed 7360K, reserved 1048576K
}
Event: 57.019 GC heap before
{Heap before GC invocations=824 (full 4):
 PSYoungGen      total 4096K, used 3584K [0x00000000eab00000, 0x00000000eb000000, 0x0000000100000000)
  eden space 3072K, 100% used [0x00000000eab00000,0x00000000eae00000,0x00000000eae00000)
  from space 1024K, 50% used [0x00000000eaf00000,0x00000000eaf80000,0x00000000eb000000)
  to   space 1024K, 0% used [0x00000000eae00000,0x00000000eae00000,0x00000000eaf00000)
 ParOldGen       total 483840K, used 483441K [0x00000000c0000000, 0x00000000dd880000, 0x00000000eab00000)
  object space 483840K, 99% used [0x00000000c0000000,0x00000000dd81c760,0x00000000dd880000)
 Metaspace       used 65118K, committed 66688K, reserved 1114112K
  class space    used 6643K, committed 7360K, reserved 1048576K
}
Event: 57.021 GC heap after
{Heap after GC invocations=824 (full 4):
 PSYoungGen      total 4096K, used 576K [0x00000000eab00000, 0x00000000eb000000, 0x0000000100000000)
  eden space 3072K, 0% used [0x00000000eab00000,0x00000000eab00000,0x00000000eae00000)
  from space 1024K, 56% used [0x00000000eae00000,0x00000000eae90000,0x00000000eaf00000)
  to   space 1024K, 0% used [0x00000000eaf00000,0x00000000eaf00000,0x00000000eb000000)
 ParOldGen       total 484352K, used 483889K [0x00000000c0000000, 0x00000000dd900000, 0x00000000eab00000)
  object space 484352K, 99% used [0x00000000c0000000,0x00000000dd88c760,0x00000000dd900000)
 Metaspace       used 65118K, committed 66688K, reserved 1114112K
  class space    used 6643K, committed 7360K, reserved 1048576K
}
Event: 57.033 GC heap before
{Heap before GC invocations=825 (full 4):
 PSYoungGen      total 4096K, used 3648K [0x00000000eab00000, 0x00000000eb000000, 0x0000000100000000)
  eden space 3072K, 100% used [0x00000000eab00000,0x00000000eae00000,0x00000000eae00000)
  from space 1024K, 56% used [0x00000000eae00000,0x00000000eae90000,0x00000000eaf00000)
  to   space 1024K, 0% used [0x00000000eaf00000,0x00000000eaf00000,0x00000000eb000000)
 ParOldGen       total 484352K, used 483889K [0x00000000c0000000, 0x00000000dd900000, 0x00000000eab00000)
  object space 484352K, 99% used [0x00000000c0000000,0x00000000dd88c760,0x00000000dd900000)
 Metaspace       used 65118K, committed 66688K, reserved 1114112K
  class space    used 6643K, committed 7360K, reserved 1048576K
}
Event: 57.035 GC heap after
{Heap after GC invocations=825 (full 4):
 PSYoungGen      total 4096K, used 626K [0x00000000eab00000, 0x00000000eb000000, 0x0000000100000000)
  eden space 3072K, 0% used [0x00000000eab00000,0x00000000eab00000,0x00000000eae00000)
  from space 1024K, 61% used [0x00000000eaf00000,0x00000000eaf9ca90,0x00000000eb000000)
  to   space 1024K, 0% used [0x00000000eae00000,0x00000000eae00000,0x00000000eaf00000)
 ParOldGen       total 484864K, used 484353K [0x00000000c0000000, 0x00000000dd980000, 0x00000000eab00000)
  object space 484864K, 99% used [0x00000000c0000000,0x00000000dd900760,0x00000000dd980000)
 Metaspace       used 65118K, committed 66688K, reserved 1114112K
  class space    used 6643K, committed 7360K, reserved 1048576K
}
Event: 57.044 GC heap before
{Heap before GC invocations=826 (full 4):
 PSYoungGen      total 4096K, used 3698K [0x00000000eab00000, 0x00000000eb000000, 0x0000000100000000)
  eden space 3072K, 100% used [0x00000000eab00000,0x00000000eae00000,0x00000000eae00000)
  from space 1024K, 61% used [0x00000000eaf00000,0x00000000eaf9ca90,0x00000000eb000000)
  to   space 1024K, 0% used [0x00000000eae00000,0x00000000eae00000,0x00000000eaf00000)
 ParOldGen       total 484864K, used 484353K [0x00000000c0000000, 0x00000000dd980000, 0x00000000eab00000)
  object space 484864K, 99% used [0x00000000c0000000,0x00000000dd900760,0x00000000dd980000)
 Metaspace       used 65118K, committed 66688K, reserved 1114112K
  class space    used 6643K, committed 7360K, reserved 1048576K
}
Event: 57.046 GC heap after
{Heap after GC invocations=826 (full 4):
 PSYoungGen      total 4096K, used 544K [0x00000000eab00000, 0x00000000eb000000, 0x0000000100000000)
  eden space 3072K, 0% used [0x00000000eab00000,0x00000000eab00000,0x00000000eae00000)
  from space 1024K, 53% used [0x00000000eae00000,0x00000000eae88000,0x00000000eaf00000)
  to   space 1024K, 0% used [0x00000000eaf00000,0x00000000eaf00000,0x00000000eb000000)
 ParOldGen       total 484864K, used 484793K [0x00000000c0000000, 0x00000000dd980000, 0x00000000eab00000)
  object space 484864K, 99% used [0x00000000c0000000,0x00000000dd96e760,0x00000000dd980000)
 Metaspace       used 65118K, committed 66688K, reserved 1114112K
  class space    used 6643K, committed 7360K, reserved 1048576K
}
Event: 57.054 GC heap before
{Heap before GC invocations=827 (full 4):
 PSYoungGen      total 4096K, used 3616K [0x00000000eab00000, 0x00000000eb000000, 0x0000000100000000)
  eden space 3072K, 100% used [0x00000000eab00000,0x00000000eae00000,0x00000000eae00000)
  from space 1024K, 53% used [0x00000000eae00000,0x00000000eae88000,0x00000000eaf00000)
  to   space 1024K, 0% used [0x00000000eaf00000,0x00000000eaf00000,0x00000000eb000000)
 ParOldGen       total 484864K, used 484793K [0x00000000c0000000, 0x00000000dd980000, 0x00000000eab00000)
  object space 484864K, 99% used [0x00000000c0000000,0x00000000dd96e760,0x00000000dd980000)
 Metaspace       used 65118K, committed 66688K, reserved 1114112K
  class space    used 6643K, committed 7360K, reserved 1048576K
}
Event: 57.056 GC heap after
{Heap after GC invocations=827 (full 4):
 PSYoungGen      total 3584K, used 448K [0x00000000eab00000, 0x00000000eaf80000, 0x0000000100000000)
  eden space 3072K, 0% used [0x00000000eab00000,0x00000000eab00000,0x00000000eae00000)
  from space 512K, 87% used [0x00000000eaf00000,0x00000000eaf70000,0x00000000eaf80000)
  to   space 512K, 0% used [0x00000000eae80000,0x00000000eae80000,0x00000000eaf00000)
 ParOldGen       total 485376K, used 485233K [0x00000000c0000000, 0x00000000dda00000, 0x00000000eab00000)
  object space 485376K, 99% used [0x00000000c0000000,0x00000000dd9dc760,0x00000000dda00000)
 Metaspace       used 65118K, committed 66688K, reserved 1114112K
  class space    used 6643K, committed 7360K, reserved 1048576K
}
Event: 57.069 GC heap before
{Heap before GC invocations=828 (full 4):
 PSYoungGen      total 3584K, used 3512K [0x00000000eab00000, 0x00000000eaf80000, 0x0000000100000000)
  eden space 3072K, 99% used [0x00000000eab00000,0x00000000eadfe0e8,0x00000000eae00000)
  from space 512K, 87% used [0x00000000eaf00000,0x00000000eaf70000,0x00000000eaf80000)
  to   space 512K, 0% used [0x00000000eae80000,0x00000000eae80000,0x00000000eaf00000)
 ParOldGen       total 485376K, used 485233K [0x00000000c0000000, 0x00000000dda00000, 0x00000000eab00000)
  object space 485376K, 99% used [0x00000000c0000000,0x00000000dd9dc760,0x00000000dda00000)
 Metaspace       used 65118K, committed 66688K, reserved 1114112K
  class space    used 6643K, committed 7360K, reserved 1048576K
}
Event: 57.071 GC heap after
{Heap after GC invocations=828 (full 4):
 PSYoungGen      total 3584K, used 480K [0x00000000eab00000, 0x00000000eb000000, 0x0000000100000000)
  eden space 3072K, 0% used [0x00000000eab00000,0x00000000eab00000,0x00000000eae00000)
  from space 512K, 93% used [0x00000000eae80000,0x00000000eaef80a0,0x00000000eaf00000)
  to   space 1024K, 0% used [0x00000000eaf00000,0x00000000eaf00000,0x00000000eb000000)
 ParOldGen       total 485888K, used 485609K [0x00000000c0000000, 0x00000000dda80000, 0x00000000eab00000)
  object space 485888K, 99% used [0x00000000c0000000,0x00000000dda3a770,0x00000000dda80000)
 Metaspace       used 65118K, committed 66688K, reserved 1114112K
  class space    used 6643K, committed 7360K, reserved 1048576K
}

